[1;33m=== AmericanColo Fleet Cleanup ===[0m
[0;36mMaster: 88.0.33.141[0m
[0;36mWorkers:       40 servers[0m

[1;33mStep 1: Cleaning master node (88.0.33.141)...[0m

  Containers to PRESERVE: registry, netbootxyz
  Containers to REMOVE: admin-grafana-1 admin-prometheus-1 admin-db-1 ipmi-monitor cadvisor my-node-exporter watchtower cryptolabs-proxy dc-overview prometheus grafana vastai-exporter runpod-exporter certbot

  Stopping monitoring containers...
ipmi-monitor
    stopped ipmi-monitor
cryptolabs-proxy
    stopped cryptolabs-proxy
dc-overview
    stopped dc-overview
prometheus
    stopped prometheus
grafana
    stopped grafana
runpod-exporter
    stopped runpod-exporter
  Stopping containers by pattern...
grafana
prometheus
ipmi-monitor
dc-overview
cryptolabs-proxy
runpod-exporter
  Removing monitoring containers...
    removed admin-grafana-1
    removed admin-prometheus-1
    removed admin-db-1
ipmi-monitor
    removed ipmi-monitor
    removed cadvisor
    removed my-node-exporter
    removed watchtower
cryptolabs-proxy
    removed cryptolabs-proxy
dc-overview
    removed dc-overview
